{"D:\\PROJETOS-GIT\\teste-jest\\src\\calcula-valor.js": {"path":"D:\\PROJETOS-GIT\\teste-jest\\src\\calcula-valor.js","statementMap":{"0":{"start":{"line":1,"column":23},"end":{"line":5,"column":1}},"1":{"start":{"line":2,"column":17},"end":{"line":2,"column":58}},"2":{"start":{"line":3,"column":2},"end":{"line":3,"column":34}},"3":{"start":{"line":4,"column":2},"end":{"line":4,"column":18}},"4":{"start":{"line":7,"column":19},"end":{"line":12,"column":1}},"5":{"start":{"line":8,"column":19},"end":{"line":8,"column":22}},"6":{"start":{"line":10,"column":4},"end":{"line":10,"column":62}},"7":{"start":{"line":11,"column":2},"end":{"line":11,"column":21}},"8":{"start":{"line":14,"column":27},"end":{"line":33,"column":1}},"9":{"start":{"line":15,"column":25},"end":{"line":15,"column":62}},"10":{"start":{"line":16,"column":20},"end":{"line":16,"column":62}},"11":{"start":{"line":18,"column":23},"end":{"line":20,"column":3}},"12":{"start":{"line":19,"column":28},"end":{"line":19,"column":47}},"13":{"start":{"line":21,"column":18},"end":{"line":21,"column":55}},"14":{"start":{"line":22,"column":10},"end":{"line":22,"column":11}},"15":{"start":{"line":23,"column":2},"end":{"line":30,"column":3}},"16":{"start":{"line":24,"column":4},"end":{"line":24,"column":39}},"17":{"start":{"line":25,"column":4},"end":{"line":27,"column":6}},"18":{"start":{"line":26,"column":30},"end":{"line":26,"column":49}},"19":{"start":{"line":28,"column":4},"end":{"line":28,"column":54}},"20":{"start":{"line":29,"column":4},"end":{"line":29,"column":8}},"21":{"start":{"line":32,"column":2},"end":{"line":32,"column":19}}},"fnMap":{"0":{"name":"(anonymous_0)","decl":{"start":{"line":1,"column":23},"end":{"line":1,"column":24}},"loc":{"start":{"line":1,"column":51},"end":{"line":5,"column":1}},"line":1},"1":{"name":"(anonymous_1)","decl":{"start":{"line":7,"column":19},"end":{"line":7,"column":20}},"loc":{"start":{"line":7,"column":30},"end":{"line":12,"column":1}},"line":7},"2":{"name":"(anonymous_2)","decl":{"start":{"line":14,"column":27},"end":{"line":14,"column":28}},"loc":{"start":{"line":14,"column":57},"end":{"line":33,"column":1}},"line":14},"3":{"name":"(anonymous_3)","decl":{"start":{"line":19,"column":4},"end":{"line":19,"column":5}},"loc":{"start":{"line":19,"column":28},"end":{"line":19,"column":47}},"line":19},"4":{"name":"(anonymous_4)","decl":{"start":{"line":26,"column":6},"end":{"line":26,"column":7}},"loc":{"start":{"line":26,"column":30},"end":{"line":26,"column":49}},"line":26}},"branchMap":{},"s":{"0":1,"1":2,"2":2,"3":2,"4":1,"5":16,"6":16,"7":16,"8":1,"9":4,"10":4,"11":4,"12":8,"13":4,"14":4,"15":4,"16":3,"17":3,"18":12,"19":3,"20":3,"21":4},"f":{"0":2,"1":16,"2":4,"3":8,"4":12},"b":{},"_coverageSchema":"1a1c01bbd47fc00a2c39e90264f33305004495a9","hash":"b97d2c4c0eed5694e35e301f32ea4be3ccdf69a3"}
}
